<?xml version="1.0" encoding="UTF-8"?>
<testsuite name="pl.spring.demo.web.rest.BookRestServiceTest" time="0.099" tests="3" errors="0" skipped="0" failures="3">
  <properties>
[...]
</properties>
  <testcase name="testShouldRemoveBook" classname="pl.spring.demo.web.rest.BookRestServiceTest" time="0.079">
    <failure message="Status expected:&lt;200&gt; but was:&lt;404&gt;" type="java.lang.AssertionError"><![CDATA[java.lang.AssertionError: Status expected:<200> but was:<404>
	at org.springframework.test.util.AssertionErrors.fail(AssertionErrors.java:60)
	at org.springframework.test.util.AssertionErrors.assertEquals(AssertionErrors.java:89)
	at org.springframework.test.web.servlet.result.StatusResultMatchers$10.match(StatusResultMatchers.java:653)
	at org.springframework.test.web.servlet.MockMvc$1.andExpect(MockMvc.java:152)
	at pl.spring.demo.web.rest.BookRestServiceTest.testShouldRemoveBook(BookRestServiceTest.java:109)
]]></failure>
    <system-out><![CDATA[2016-02-25 16:38:10,996 INFO org.springframework.test.context.support.AbstractContextLoader - Detected default resource location "classpath:pl/spring/demo/web/rest/BookRestServiceTest-context.xml" for test class [pl.spring.demo.web.rest.BookRestServiceTest]
2016-02-25 16:38:10,997 INFO org.springframework.test.context.support.AbstractDelegatingSmartContextLoader - GenericXmlWebContextLoader detected default locations for context configuration [ContextConfigurationAttributes@768b970c declaringClass = 'pl.spring.demo.web.rest.BookRestServiceTest', classes = '{}', locations = '{classpath:pl/spring/demo/web/rest/BookRestServiceTest-context.xml}', inheritLocations = true, initializers = '{}', inheritInitializers = true, name = [null], contextLoaderClass = 'org.springframework.test.context.ContextLoader'].
2016-02-25 16:38:10,997 INFO org.springframework.test.context.support.AnnotationConfigContextLoaderUtils - Could not detect default configuration classes for test class [pl.spring.demo.web.rest.BookRestServiceTest]: BookRestServiceTest does not declare any static, non-private, non-final, inner classes annotated with @Configuration.
2016-02-25 16:38:10,999 INFO org.springframework.test.context.web.WebTestContextBootstrapper - Loaded default TestExecutionListener class names from location [META-INF/spring.factories]: [org.springframework.test.context.web.ServletTestExecutionListener, org.springframework.test.context.support.DependencyInjectionTestExecutionListener, org.springframework.test.context.support.DirtiesContextTestExecutionListener, org.springframework.test.context.transaction.TransactionalTestExecutionListener, org.springframework.test.context.jdbc.SqlScriptsTestExecutionListener]
2016-02-25 16:38:10,999 INFO org.springframework.test.context.web.WebTestContextBootstrapper - Using TestExecutionListeners: [org.springframework.test.context.web.ServletTestExecutionListener@7ba18f1b, org.springframework.test.context.support.DependencyInjectionTestExecutionListener@2f8f5f62, org.springframework.test.context.support.DirtiesContextTestExecutionListener@1068e947, org.springframework.test.context.transaction.TransactionalTestExecutionListener@7dc222ae, org.springframework.test.context.jdbc.SqlScriptsTestExecutionListener@aecb35a]
2016-02-25 16:38:11,090 INFO org.springframework.beans.factory.xml.XmlBeanDefinitionReader - Loading XML bean definitions from class path resource [pl/spring/demo/web/rest/BookRestServiceTest-context.xml]
2016-02-25 16:38:11,178 INFO org.springframework.beans.factory.xml.XmlBeanDefinitionReader - Loading XML bean definitions from class path resource [configuration/mvc-configuration.xml]
2016-02-25 16:38:11,326 INFO org.springframework.web.context.support.GenericWebApplicationContext - Refreshing org.springframework.web.context.support.GenericWebApplicationContext@46238e3f: startup date [Thu Feb 25 16:38:11 CET 2016]; root of context hierarchy
2016-02-25 16:38:11,876 INFO org.springframework.web.servlet.mvc.method.annotation.RequestMappingHandlerMapping - Mapped "{[/books/books-by-title],methods=[GET],params=[],headers=[],consumes=[],produces=[],custom=[]}" onto public java.util.List<pl.spring.demo.to.BookTo> pl.spring.demo.web.rest.BookRestService.findBooksByTitle(java.lang.String)
2016-02-25 16:38:11,876 INFO org.springframework.web.servlet.mvc.method.annotation.RequestMappingHandlerMapping - Mapped "{[/books/book],methods=[DELETE],params=[],headers=[],consumes=[],produces=[],custom=[]}" onto public void pl.spring.demo.web.rest.BookRestService.removeBook(java.lang.Long)
2016-02-25 16:38:11,877 INFO org.springframework.web.servlet.mvc.method.annotation.RequestMappingHandlerMapping - Mapped "{[/books/book],methods=[PUT],params=[],headers=[],consumes=[],produces=[],custom=[]}" onto public pl.spring.demo.to.BookTo pl.spring.demo.web.rest.BookRestService.bookUpdate(pl.spring.demo.to.BookTo)
2016-02-25 16:38:11,877 INFO org.springframework.web.servlet.mvc.method.annotation.RequestMappingHandlerMapping - Mapped "{[/books/book/{id}],methods=[DELETE],params=[],headers=[],consumes=[],produces=[],custom=[]}" onto public void pl.spring.demo.web.rest.BookRestService.deleteBook(long)
2016-02-25 16:38:11,877 INFO org.springframework.web.servlet.mvc.method.annotation.RequestMappingHandlerMapping - Mapped "{[/books/book],methods=[POST],params=[],headers=[],consumes=[],produces=[],custom=[]}" onto public pl.spring.demo.to.BookTo pl.spring.demo.web.rest.BookRestService.saveBook(pl.spring.demo.to.BookTo)
2016-02-25 16:38:12,002 INFO org.springframework.web.servlet.mvc.method.annotation.RequestMappingHandlerAdapter - Looking for @ControllerAdvice: org.springframework.web.context.support.GenericWebApplicationContext@46238e3f: startup date [Thu Feb 25 16:38:11 CET 2016]; root of context hierarchy
2016-02-25 16:38:12,063 INFO org.springframework.web.servlet.mvc.method.annotation.RequestMappingHandlerAdapter - Looking for @ControllerAdvice: org.springframework.web.context.support.GenericWebApplicationContext@46238e3f: startup date [Thu Feb 25 16:38:11 CET 2016]; root of context hierarchy
2016-02-25 16:38:12,138 INFO org.springframework.web.servlet.handler.SimpleUrlHandlerMapping - Mapped URL path [/static/**] onto handler 'org.springframework.web.servlet.resource.ResourceHttpRequestHandler#0'
2016-02-25 16:38:12,354 INFO org.springframework.mock.web.MockServletContext - Initializing Spring FrameworkServlet ''
2016-02-25 16:38:12,355 INFO org.springframework.test.web.servlet.TestDispatcherServlet - FrameworkServlet '': initialization started
2016-02-25 16:38:12,378 INFO org.springframework.test.web.servlet.TestDispatcherServlet - FrameworkServlet '': initialization completed in 23 ms
2016-02-25 16:38:12,409 WARN org.springframework.web.servlet.PageNotFound - No mapping found for HTTP request with URI [/book] in DispatcherServlet with name ''
]]></system-out>
  </testcase>
  <testcase name="testShouldCallBookService" classname="pl.spring.demo.web.rest.BookRestServiceTest" time="0.01">
    <failure message="&#10;Wanted but not invoked:&#10;bookService.findBooksByTitle(&quot;testTitle&quot;);&#10;-&gt; at pl.spring.demo.web.rest.BookRestServiceTest.testShouldCallBookService(BookRestServiceTest.java:65)&#10;Actually, there were zero interactions with this mock.&#10;" type="org.mockito.exceptions.verification.WantedButNotInvoked">org.mockito.exceptions.verification.WantedButNotInvoked: 
Wanted but not invoked:
bookService.findBooksByTitle("testTitle");
-> at pl.spring.demo.web.rest.BookRestServiceTest.testShouldCallBookService(BookRestServiceTest.java:65)
Actually, there were zero interactions with this mock.

	at pl.spring.demo.web.rest.BookRestServiceTest.testShouldCallBookService(BookRestServiceTest.java:65)
</failure>
    <system-out><![CDATA[2016-02-25 16:38:12,419 INFO org.springframework.mock.web.MockServletContext - Initializing Spring FrameworkServlet ''
2016-02-25 16:38:12,419 INFO org.springframework.test.web.servlet.TestDispatcherServlet - FrameworkServlet '': initialization started
2016-02-25 16:38:12,420 INFO org.springframework.test.web.servlet.TestDispatcherServlet - FrameworkServlet '': initialization completed in 1 ms
2016-02-25 16:38:12,422 WARN org.springframework.web.servlet.PageNotFound - No mapping found for HTTP request with URI [/books-by-title] in DispatcherServlet with name ''
]]></system-out>
  </testcase>
  <testcase name="testShouldSaveBook" classname="pl.spring.demo.web.rest.BookRestServiceTest" time="0.01">
    <failure message="Status expected:&lt;200&gt; but was:&lt;404&gt;" type="java.lang.AssertionError"><![CDATA[java.lang.AssertionError: Status expected:<200> but was:<404>
	at org.springframework.test.util.AssertionErrors.fail(AssertionErrors.java:60)
	at org.springframework.test.util.AssertionErrors.assertEquals(AssertionErrors.java:89)
	at org.springframework.test.web.servlet.result.StatusResultMatchers$10.match(StatusResultMatchers.java:653)
	at org.springframework.test.web.servlet.MockMvc$1.andExpect(MockMvc.java:152)
	at pl.spring.demo.web.rest.BookRestServiceTest.testShouldSaveBook(BookRestServiceTest.java:91)
]]></failure>
    <system-out><![CDATA[2016-02-25 16:38:12,429 INFO org.springframework.mock.web.MockServletContext - Initializing Spring FrameworkServlet ''
2016-02-25 16:38:12,429 INFO org.springframework.test.web.servlet.TestDispatcherServlet - FrameworkServlet '': initialization started
2016-02-25 16:38:12,430 INFO org.springframework.test.web.servlet.TestDispatcherServlet - FrameworkServlet '': initialization completed in 1 ms
2016-02-25 16:38:12,438 WARN org.springframework.web.servlet.PageNotFound - No mapping found for HTTP request with URI [/book] in DispatcherServlet with name ''
]]></system-out>
  </testcase>
</testsuite>